[2024-11-28 10:10:26] INFO: Database connected
[2024-11-28 10:26:05] INFO: MongoDB connected: ac-chuuyli-shard-00-00.wrul1io.mongodb.net
[2024-11-29 09:24:42] ERROR: Attempt 1: Failed to connect to MongoDB - Could not connect to any servers in your MongoDB Atlas cluster. One common reason is that you're trying to access the database from an IP that isn't whitelisted. Make sure your current IP address is on your Atlas cluster's IP whitelist: https://www.mongodb.com/docs/atlas/security-whitelist/
[2024-11-29 09:25:17] ERROR: Attempt 2: Failed to connect to MongoDB - Could not connect to any servers in your MongoDB Atlas cluster. One common reason is that you're trying to access the database from an IP that isn't whitelisted. Make sure your current IP address is on your Atlas cluster's IP whitelist: https://www.mongodb.com/docs/atlas/security-whitelist/
[2024-11-29 09:25:52] ERROR: Attempt 3: Failed to connect to MongoDB - Could not connect to any servers in your MongoDB Atlas cluster. One common reason is that you're trying to access the database from an IP that isn't whitelisted. Make sure your current IP address is on your Atlas cluster's IP whitelist: https://www.mongodb.com/docs/atlas/security-whitelist/
[2024-11-29 09:26:18] INFO: MongoDB connected: ac-chuuyli-shard-00-00.wrul1io.mongodb.net
[2024-11-29 09:28:02] INFO: MongoDB connected: ac-chuuyli-shard-00-01.wrul1io.mongodb.net
[2024-11-29 09:29:22] INFO: MongoDB connected: ac-chuuyli-shard-00-01.wrul1io.mongodb.net
[2024-11-29 09:30:25] INFO: MongoDB connected: ac-chuuyli-shard-00-02.wrul1io.mongodb.net
[2024-11-29 09:34:34] INFO: MongoDB connected: ac-chuuyli-shard-00-01.wrul1io.mongodb.net
[2024-11-29 09:34:57] INFO: MongoDB connected: ac-chuuyli-shard-00-02.wrul1io.mongodb.net
[2024-11-29 09:35:01] INFO: Successfull checking data register new user
[2024-11-29 09:35:01] INFO: Hash password complete
[2024-11-29 09:35:01] ERROR: Error with register: ValidationError: user_hashed_password: Path `user_hashed_password` is required.
[2024-11-29 09:38:01] INFO: MongoDB connected: ac-chuuyli-shard-00-01.wrul1io.mongodb.net
[2024-11-29 09:38:03] INFO: Successfull checking data register new user
[2024-11-29 09:38:03] INFO: Hash password complete
[2024-11-29 09:38:03] INFO: Complete create token
[2024-11-29 09:38:21] INFO: MongoDB connected: ac-chuuyli-shard-00-01.wrul1io.mongodb.net
[2024-11-29 09:38:26] INFO: Successfull checking data register new user
[2024-11-29 09:38:26] INFO: Hash password complete
[2024-11-29 09:38:26] INFO: Complete create token
[2024-11-29 09:39:05] INFO: MongoDB connected: ac-chuuyli-shard-00-01.wrul1io.mongodb.net
[2024-11-29 09:39:06] INFO: Successfull checking data register new user
[2024-11-29 09:41:19] INFO: MongoDB connected: ac-chuuyli-shard-00-00.wrul1io.mongodb.net
[2024-11-29 09:43:50] INFO: MongoDB connected: ac-chuuyli-shard-00-02.wrul1io.mongodb.net
[2024-11-29 09:44:29] INFO: Error checking data user for login: Wrong message from wrong app
[2024-11-29 09:44:51] INFO: Successfull checking data user for login
[2024-11-29 09:44:51] INFO: Compare hash complete
[2024-11-29 09:44:51] ERROR: Error : Error: data and hash arguments required
[2024-11-29 09:45:08] INFO: MongoDB connected: ac-chuuyli-shard-00-01.wrul1io.mongodb.net
[2024-11-29 09:45:09] INFO: Successfull checking data user for login
[2024-11-29 09:45:09] INFO: Compare hash complete
[2024-11-29 09:45:09] INFO: Complete create token
[2024-11-29 09:45:58] INFO: MongoDB connected: ac-chuuyli-shard-00-01.wrul1io.mongodb.net
[2024-11-29 09:47:03] INFO: Error checking data user for changing password: user_name is required.
[2024-11-29 09:47:15] INFO: MongoDB connected: ac-chuuyli-shard-00-01.wrul1io.mongodb.net
[2024-11-29 09:47:21] INFO: Error checking data user for changing password: last_password is required.
[2024-11-29 09:47:35] INFO: MongoDB connected: ac-chuuyli-shard-00-01.wrul1io.mongodb.net
[2024-11-29 09:47:36] INFO: Successfull checking data user for changing password
[2024-11-29 09:47:36] INFO: Compare hash complete
[2024-11-29 09:50:15] INFO: MongoDB connected: ac-chuuyli-shard-00-00.wrul1io.mongodb.net
[2024-11-29 09:50:20] INFO: Successfull checking data user for changing password
[2024-11-29 09:50:20] INFO: Compare hash complete
[2024-11-29 09:50:20] ERROR: Error : Error: data and hash arguments required
[2024-11-29 09:51:02] INFO: Successfull checking data user for changing password
[2024-11-29 09:51:02] INFO: Compare hash complete
[2024-11-29 09:51:02] ERROR: Error : Error: data and hash arguments required
[2024-11-29 09:52:32] INFO: MongoDB connected: ac-chuuyli-shard-00-02.wrul1io.mongodb.net
[2024-11-29 09:52:34] INFO: MongoDB connected: ac-chuuyli-shard-00-01.wrul1io.mongodb.net
[2024-11-29 09:52:45] INFO: MongoDB connected: ac-chuuyli-shard-00-01.wrul1io.mongodb.net
[2024-11-29 09:52:46] INFO: MongoDB connected: ac-chuuyli-shard-00-02.wrul1io.mongodb.net
[2024-11-29 09:52:50] INFO: Successfull checking data user for changing password
[2024-11-29 09:52:50] INFO: Compare hash complete
[2024-11-29 09:52:50] ERROR: Error : Error: data and hash arguments required
[2024-11-29 09:53:10] INFO: MongoDB connected: ac-chuuyli-shard-00-01.wrul1io.mongodb.net
[2024-11-29 09:53:37] INFO: MongoDB connected: ac-chuuyli-shard-00-00.wrul1io.mongodb.net
[2024-11-29 09:53:39] INFO: Successfull checking data user for changing password
[2024-11-29 09:53:39] INFO: Compare hash complete
[2024-11-29 09:53:39] ERROR: Error : Error: data and hash arguments required
[2024-11-29 09:53:52] INFO: MongoDB connected: ac-chuuyli-shard-00-00.wrul1io.mongodb.net
[2024-11-29 09:53:53] INFO: Successfull checking data user for changing password
[2024-11-29 09:53:53] INFO: Compare hash complete
[2024-11-29 09:53:53] ERROR: Error : Error: data and hash arguments required
[2024-11-29 09:54:23] INFO: MongoDB connected: ac-chuuyli-shard-00-01.wrul1io.mongodb.net
[2024-11-29 09:54:27] INFO: Successfull checking data user for changing password
[2024-11-29 09:54:27] INFO: Compare hash complete
[2024-11-29 09:54:40] INFO: Successfull checking data user for changing password
[2024-11-29 09:54:40] INFO: Compare hash complete
[2024-11-29 09:54:40] INFO: Hash password complete
[2024-11-29 09:55:19] INFO: Successfull checking data user for login
[2024-11-29 09:55:19] INFO: Compare hash complete
[2024-11-29 09:55:44] INFO: MongoDB connected: ac-chuuyli-shard-00-01.wrul1io.mongodb.net
[2024-11-29 09:55:48] INFO: Successfull checking data user for login
[2024-11-29 09:55:48] INFO: Compare hash complete
[2024-11-29 09:56:38] INFO: Successfull checking data user for login
[2024-11-29 09:56:38] INFO: Compare hash complete
[2024-11-29 09:56:45] INFO: MongoDB connected: ac-chuuyli-shard-00-02.wrul1io.mongodb.net
[2024-11-29 09:56:46] INFO: MongoDB connected: ac-chuuyli-shard-00-01.wrul1io.mongodb.net
[2024-11-29 09:56:49] INFO: Successfull checking data user for login
[2024-11-29 09:56:49] INFO: Compare hash complete
[2024-11-29 09:59:33] INFO: MongoDB connected: ac-chuuyli-shard-00-00.wrul1io.mongodb.net
[2024-11-29 10:00:31] INFO: MongoDB connected: ac-chuuyli-shard-00-00.wrul1io.mongodb.net
[2024-11-29 10:00:47] INFO: MongoDB connected: ac-chuuyli-shard-00-02.wrul1io.mongodb.net
[2024-11-29 10:01:22] INFO: MongoDB connected: ac-chuuyli-shard-00-02.wrul1io.mongodb.net
[2024-11-29 10:02:36] INFO: Successfull checking data register new user
[2024-11-29 10:03:19] INFO: MongoDB connected: ac-chuuyli-shard-00-01.wrul1io.mongodb.net
[2024-11-29 10:03:22] INFO: Successfull checking data register new user
[2024-11-29 10:06:24] INFO: MongoDB connected: ac-chuuyli-shard-00-02.wrul1io.mongodb.net
[2024-11-29 10:06:33] INFO: Successfull checking data register new user
[2024-11-29 10:07:00] INFO: Successfull checking data register new user
[2024-11-29 10:09:45] INFO: MongoDB connected: ac-chuuyli-shard-00-00.wrul1io.mongodb.net
[2024-11-29 10:09:47] INFO: Successfull checking data register new user
[2024-11-29 10:10:49] INFO: MongoDB connected: ac-chuuyli-shard-00-01.wrul1io.mongodb.net
[2024-11-29 10:10:53] INFO: Successfull checking data register new user
[2024-11-29 10:10:53] INFO: Hash password complete
[2024-11-29 10:10:53] INFO: Complete create token
[2024-11-29 10:12:19] INFO: Successfull checking data user for login
[2024-11-29 10:12:20] INFO: Compare hash complete
[2024-11-29 10:12:20] INFO: Complete create token
[2024-11-29 10:13:44] INFO: Successfull checking data user for changing password
[2024-11-29 10:13:44] INFO: Compare hash complete
[2024-11-29 10:13:44] INFO: Hash password complete
[2024-11-29 10:14:12] INFO: Successfull checking data user for login
[2024-11-29 10:14:12] INFO: Compare hash complete
[2024-11-29 10:14:30] INFO: Successfull checking data user for login
[2024-11-29 10:14:30] INFO: Compare hash complete
[2024-11-29 10:14:35] INFO: Successfull checking data user for login
[2024-11-29 10:14:35] INFO: Compare hash complete
[2024-11-29 10:14:35] INFO: Complete create token
[2024-11-29 10:15:29] INFO: MongoDB connected: ac-chuuyli-shard-00-02.wrul1io.mongodb.net
[2024-11-29 10:16:02] INFO: Successfull checking data user for login
[2024-11-29 10:16:02] INFO: Compare hash complete
[2024-11-29 10:16:08] INFO: Successfull checking data user for login
[2024-11-29 10:16:08] INFO: Compare hash complete
[2024-11-29 10:16:38] INFO: Error checking data user for changing password: Wrong message from wrong app
[2024-11-29 10:16:47] INFO: Successfull checking data user for changing password
[2024-11-29 10:16:47] INFO: Compare hash complete
[2024-11-29 10:16:47] INFO: Hash password complete
[2024-11-29 10:17:16] INFO: Successfull checking data user for login
[2024-11-29 10:17:16] INFO: Compare hash complete
[2024-11-29 10:17:16] INFO: Complete create token
[2024-12-08 10:50:29] INFO: MongoDB connected: ac-chuuyli-shard-00-02.wrul1io.mongodb.net
[2024-12-08 10:53:40] INFO: Successfull checking data register new user
[2024-12-08 10:53:40] INFO: Hash password complete
[2024-12-08 10:53:40] INFO: Complete create token
[2024-12-08 10:57:52] INFO: Successfull checking data to create board
[2024-12-08 10:57:52] ERROR: Error with create board : ValidationError: created_at: Cast to date failed for value "[Function: now]" (type function) at path "created_at"
[2024-12-08 10:58:34] INFO: MongoDB connected: ac-chuuyli-shard-00-02.wrul1io.mongodb.net
[2024-12-08 10:58:38] INFO: Successfull checking data to create board
[2024-12-08 10:59:50] INFO: Successfull checking data to create board
[2024-12-08 10:59:50] ERROR: Error with GetBoard: MissingSchemaError: Schema hasn't been registered for model "List".
Use mongoose.model(name, schema)
[2024-12-08 11:01:09] INFO: MongoDB connected: ac-chuuyli-shard-00-01.wrul1io.mongodb.net
[2024-12-08 11:01:12] INFO: Successfull checking data to create board
[2024-12-08 11:03:49] INFO: Successfull checking data to create board
[2024-12-08 11:04:43] INFO: Successfull checking data to create board
[2024-12-08 11:05:30] INFO: MongoDB connected: ac-chuuyli-shard-00-00.wrul1io.mongodb.net
[2024-12-08 11:05:32] INFO: Successfull checking data to update board
[2024-12-08 11:08:02] INFO: Successfull checking data to update board
[2024-12-08 11:08:02] ERROR: Error with UpdateBoard: TypeError: updatedBoard.populate(...).populate is not a function
[2024-12-08 11:10:49] INFO: MongoDB connected: ac-chuuyli-shard-00-01.wrul1io.mongodb.net
[2024-12-08 11:10:52] INFO: Successfull checking data to update board
[2024-12-08 11:11:18] INFO: Successfull checking data to update board
[2024-12-08 11:11:18] ERROR: Error with UpdateBoard: TypeError: updatedBoard.populate(...).populate is not a function
[2024-12-08 11:11:37] INFO: MongoDB connected: ac-chuuyli-shard-00-01.wrul1io.mongodb.net
[2024-12-08 11:11:48] INFO: Successfull checking data to update board
[2024-12-08 11:11:49] ERROR: Error with UpdateBoard: TypeError: updatedBoard.populate(...).populate is not a function
[2024-12-08 11:12:11] INFO: MongoDB connected: ac-chuuyli-shard-00-00.wrul1io.mongodb.net
[2024-12-08 11:12:23] INFO: Successfull checking data to update board
[2024-12-08 11:13:45] INFO: Successfull checking data to delete board
[2024-12-08 11:19:17] INFO: MongoDB connected: ac-chuuyli-shard-00-01.wrul1io.mongodb.net
[2024-12-09 09:33:58] ERROR: Attempt 1: Failed to connect to MongoDB - Invalid scheme, expected connection string to start with "mongodb://" or "mongodb+srv://"
[2024-12-09 09:34:03] ERROR: Attempt 2: Failed to connect to MongoDB - Invalid scheme, expected connection string to start with "mongodb://" or "mongodb+srv://"
[2024-12-09 09:34:08] ERROR: Attempt 3: Failed to connect to MongoDB - Invalid scheme, expected connection string to start with "mongodb://" or "mongodb+srv://"
[2024-12-09 09:34:13] ERROR: Attempt 4: Failed to connect to MongoDB - Invalid scheme, expected connection string to start with "mongodb://" or "mongodb+srv://"
[2024-12-09 09:34:18] ERROR: Attempt 5: Failed to connect to MongoDB - Invalid scheme, expected connection string to start with "mongodb://" or "mongodb+srv://"
[2024-12-09 09:35:01] INFO: MongoDB connected: cluster0-shard-00-01.ekkw3.mongodb.net
[2024-12-09 09:41:46] INFO: MongoDB connected: cluster0-shard-00-02.ekkw3.mongodb.net
[2024-12-09 09:41:49] INFO: MongoDB connected: cluster0-shard-00-02.ekkw3.mongodb.net
[2024-12-09 10:28:42] INFO: Error checking data register new user: user_full_name is required.
[2024-12-09 10:29:12] INFO: Error checking data register new user: user_full_name is required.
[2024-12-09 10:29:25] INFO: Error checking data register new user: user_full_name is required.
[2024-12-09 10:30:02] INFO: MongoDB connected: cluster0-shard-00-01.ekkw3.mongodb.net
[2024-12-09 10:30:07] INFO: Error checking data register new user: user_full_name is required.
[2024-12-09 10:30:47] INFO: MongoDB connected: cluster0-shard-00-00.ekkw3.mongodb.net
[2024-12-09 10:30:52] INFO: Error checking data register new user: user_full_name is required.
[2024-12-09 10:31:12] INFO: MongoDB connected: cluster0-shard-00-02.ekkw3.mongodb.net
[2024-12-09 10:31:17] INFO: Error checking data register new user: user_full_name is required.
[2024-12-09 10:38:55] INFO: MongoDB connected: cluster0-shard-00-02.ekkw3.mongodb.net
[2024-12-09 10:39:09] INFO: MongoDB connected: cluster0-shard-00-00.ekkw3.mongodb.net
[2024-12-09 10:39:12] INFO: MongoDB connected: cluster0-shard-00-00.ekkw3.mongodb.net
[2024-12-09 10:39:15] INFO: Error checking data register new user: user_full_name is required.
[2024-12-09 10:39:31] INFO: MongoDB connected: cluster0-shard-00-02.ekkw3.mongodb.net
[2024-12-09 10:39:37] INFO: MongoDB connected: cluster0-shard-00-01.ekkw3.mongodb.net
[2024-12-09 10:39:40] INFO: Error checking data register new user: user_full_name is required.
[2024-12-09 10:40:00] INFO: MongoDB connected: cluster0-shard-00-02.ekkw3.mongodb.net
[2024-12-09 10:40:23] INFO: Error checking data register new user: user_full_name is required.
[2024-12-09 10:40:45] INFO: Error checking data register new user: user_full_name is required.
[2024-12-09 10:41:20] INFO: MongoDB connected: cluster0-shard-00-01.ekkw3.mongodb.net
[2024-12-09 10:41:41] INFO: MongoDB connected: cluster0-shard-00-02.ekkw3.mongodb.net
[2024-12-09 10:43:17] INFO: Error checking data register new user: user_full_name is required.
[2024-12-09 10:44:35] INFO: MongoDB connected: cluster0-shard-00-00.ekkw3.mongodb.net
[2024-12-09 10:44:39] INFO: MongoDB connected: cluster0-shard-00-01.ekkw3.mongodb.net
[2024-12-09 10:44:41] INFO: MongoDB connected: cluster0-shard-00-02.ekkw3.mongodb.net
[2024-12-09 10:44:44] INFO: MongoDB connected: cluster0-shard-00-00.ekkw3.mongodb.net
[2024-12-09 10:44:50] INFO: MongoDB connected: cluster0-shard-00-00.ekkw3.mongodb.net
[2024-12-09 10:44:52] INFO: MongoDB connected: cluster0-shard-00-01.ekkw3.mongodb.net
[2024-12-09 10:44:56] INFO: Error checking data register new user: user_full_name is required.
[2024-12-09 10:48:07] INFO: Error checking data register new user: user_full_name is required.
[2024-12-09 10:48:13] INFO: Successfull checking data register new user
[2024-12-09 10:48:13] INFO: Hash password complete
[2024-12-09 10:48:13] INFO: Complete create token
[2024-12-09 10:49:19] INFO: MongoDB connected: cluster0-shard-00-02.ekkw3.mongodb.net
[2024-12-09 10:53:37] INFO: Error checking data register new user: user_avatar_url is required.
[2024-12-09 10:56:22] INFO: Successfull checking data register new user
[2024-12-09 10:56:22] INFO: Hash password complete
[2024-12-09 10:56:22] INFO: Complete create token
[2024-12-10 13:40:27] INFO: MongoDB connected: cluster0-shard-00-01.ekkw3.mongodb.net
[2024-12-10 13:45:43] INFO: Successfull checking data register new user
[2024-12-10 13:45:43] INFO: Hash password complete
[2024-12-10 13:45:43] INFO: Complete create token
[2024-12-10 13:46:24] INFO: Error checking data user for login: checkMessage is required.
[2024-12-10 13:46:49] INFO: Error checking data user for login: checkMessage is required.
[2024-12-10 13:46:52] INFO: Error checking data user for login: checkMessage is required.
[2024-12-10 13:51:19] INFO: Error checking data user for login: checkMessage is required.
[2024-12-10 13:51:51] INFO: Error checking data user for login: checkMessage is required.
[2024-12-10 14:01:41] INFO: Successfull checking data register new user
[2024-12-10 14:01:41] INFO: Hash password complete
[2024-12-10 14:01:41] INFO: Complete create token
[2024-12-10 14:07:13] INFO: Error checking data user for login: checkMessage is required.
[2024-12-10 14:07:32] INFO: Error checking data user for login: checkMessage is required.
[2024-12-10 14:13:06] INFO: Successfull checking data user for login
[2024-12-10 14:13:16] INFO: Successfull checking data user for login
[2024-12-10 14:13:16] INFO: Compare hash complete
[2024-12-10 14:13:24] INFO: Successfull checking data user for login
[2024-12-10 14:13:24] INFO: Compare hash complete
[2024-12-10 14:13:24] INFO: Complete create token
[2024-12-10 14:16:16] INFO: Successfull checking data user for login
[2024-12-10 14:16:16] INFO: Compare hash complete
[2024-12-10 14:16:17] INFO: Complete create token
[2024-12-10 14:17:41] INFO: Successfull checking data user for login
[2024-12-10 14:17:41] INFO: Compare hash complete
[2024-12-10 14:17:41] INFO: Complete create token
[2024-12-10 14:17:50] INFO: Successfull checking data user for login
[2024-12-10 14:17:51] INFO: Compare hash complete
[2024-12-10 14:17:51] INFO: Complete create token
[2024-12-10 14:18:02] INFO: Successfull checking data user for login
[2024-12-10 14:18:02] INFO: Compare hash complete
[2024-12-10 14:18:02] INFO: Complete create token
[2024-12-10 14:22:08] INFO: Successfull checking data user for login
[2024-12-10 14:22:08] INFO: Compare hash complete
[2024-12-10 14:22:08] INFO: Complete create token
[2024-12-10 14:27:38] INFO: Successfull checking data user for login
[2024-12-10 14:27:38] INFO: Compare hash complete
[2024-12-10 14:27:38] INFO: Complete create token
[2024-12-10 16:56:49] ERROR: Attempt 1: Failed to connect to MongoDB - Could not connect to any servers in your MongoDB Atlas cluster. One common reason is that you're trying to access the database from an IP that isn't whitelisted. Make sure your current IP address is on your Atlas cluster's IP whitelist: https://www.mongodb.com/docs/atlas/security-whitelist/
[2024-12-10 16:57:10] INFO: MongoDB connected: cluster0-shard-00-02.ekkw3.mongodb.net
[2024-12-10 17:00:17] INFO: Successfull checking data user for login
[2024-12-10 17:00:17] INFO: Compare hash complete
[2024-12-10 17:00:17] INFO: Complete create token
[2024-12-10 17:08:42] INFO: Successfull checking data user for login
[2024-12-10 17:08:42] INFO: Compare hash complete
[2024-12-10 17:08:42] INFO: Complete create token
[2024-12-10 17:08:56] INFO: Successfull checking data user for login
[2024-12-10 17:08:56] INFO: Compare hash complete
[2024-12-10 17:08:56] INFO: Complete create token
[2024-12-10 17:09:38] INFO: Successfull checking data user for login
[2024-12-10 17:09:39] INFO: Compare hash complete
[2024-12-10 17:09:39] INFO: Complete create token
[2024-12-10 17:15:08] INFO: Successfull checking data user for login
[2024-12-10 17:15:08] INFO: Compare hash complete
[2024-12-10 17:15:08] INFO: Complete create token
[2024-12-10 17:22:44] INFO: Successfull checking data user for login
[2024-12-10 17:22:44] INFO: Compare hash complete
[2024-12-10 17:22:44] INFO: Complete create token
[2024-12-10 17:31:58] INFO: Successfull checking data user for login
[2024-12-10 17:31:58] INFO: Compare hash complete
[2024-12-10 17:31:58] INFO: Complete create token
[2024-12-10 17:45:11] INFO: Successfull checking data user for login
[2024-12-10 17:45:11] INFO: Compare hash complete
[2024-12-10 17:45:11] INFO: Complete create token
[2024-12-10 17:53:39] INFO: Successfull checking data user for login
[2024-12-10 17:53:39] INFO: Compare hash complete
[2024-12-10 17:53:39] INFO: Complete create token
[2024-12-10 17:54:59] INFO: Successfull checking data user for login
[2024-12-10 17:55:00] INFO: Compare hash complete
[2024-12-10 17:55:00] INFO: Complete create token
[2024-12-10 17:55:59] INFO: Successfull checking data user for login
[2024-12-10 17:55:59] INFO: Compare hash complete
[2024-12-10 17:55:59] INFO: Complete create token
[2024-12-10 17:56:53] INFO: Successfull checking data user for login
[2024-12-10 17:56:53] INFO: Compare hash complete
[2024-12-10 17:56:53] INFO: Complete create token
[2024-12-10 18:04:53] INFO: Successfull checking data user for login
[2024-12-10 18:04:53] INFO: Compare hash complete
[2024-12-10 18:04:54] INFO: Complete create token
[2024-12-10 18:05:19] INFO: Successfull checking data user for login
[2024-12-10 18:05:19] INFO: Compare hash complete
[2024-12-10 18:05:19] INFO: Complete create token
[2024-12-10 18:22:46] INFO: Successfull checking data user for login
[2024-12-10 18:22:46] INFO: Compare hash complete
[2024-12-10 18:22:46] INFO: Complete create token
[2024-12-10 21:43:50] INFO: MongoDB connected: cluster0-shard-00-01.ekkw3.mongodb.net
[2024-12-10 21:49:45] INFO: Successfull checking data user for login
[2024-12-10 21:49:45] INFO: Compare hash complete
[2024-12-10 21:49:45] INFO: Complete create token
[2024-12-10 21:53:23] INFO: MongoDB connected: cluster0-shard-00-01.ekkw3.mongodb.net
[2024-12-10 21:53:29] INFO: MongoDB connected: cluster0-shard-00-01.ekkw3.mongodb.net
[2024-12-10 22:04:19] INFO: Successfull checking data user for login
[2024-12-10 22:04:19] INFO: Compare hash complete
[2024-12-10 22:04:20] INFO: Complete create token
[2024-12-10 22:04:43] INFO: Successfull checking data user for login
[2024-12-10 22:04:43] INFO: Compare hash complete
[2024-12-10 22:04:43] INFO: Complete create token
[2024-12-10 22:05:08] INFO: Successfull checking data user for login
[2024-12-10 22:05:08] INFO: Compare hash complete
[2024-12-10 22:05:08] INFO: Complete create token
[2024-12-10 22:12:14] INFO: Successfull checking data user for login
[2024-12-10 22:12:14] INFO: Compare hash complete
[2024-12-10 22:12:14] INFO: Complete create token
[2024-12-10 22:38:52] INFO: Successfull checking data user for login
[2024-12-10 22:38:52] INFO: Compare hash complete
[2024-12-10 22:38:52] INFO: Complete create token
[2024-12-10 22:39:11] INFO: Successfull checking data user for login
[2024-12-10 22:39:11] INFO: Compare hash complete
[2024-12-10 22:39:11] INFO: Complete create token
[2024-12-10 22:40:48] INFO: Successfull checking data user for login
[2024-12-10 22:40:48] INFO: Compare hash complete
[2024-12-10 22:40:48] INFO: Complete create token
[2024-12-10 22:44:39] INFO: Successfull checking data user for login
[2024-12-10 22:44:39] INFO: Compare hash complete
[2024-12-10 22:44:39] INFO: Complete create token
[2024-12-11 10:01:21] INFO: MongoDB connected: cluster0-shard-00-01.ekkw3.mongodb.net
[2024-12-11 10:02:26] INFO: Successfull checking data user for login
[2024-12-11 10:02:26] INFO: Compare hash complete
[2024-12-11 10:02:26] INFO: Complete create token
[2024-12-11 10:06:42] INFO: Successfull checking data user for login
[2024-12-11 10:06:42] INFO: Compare hash complete
[2024-12-11 10:06:42] INFO: Complete create token
[2024-12-11 10:06:53] INFO: Successfull checking data user for login
[2024-12-11 10:06:53] INFO: Compare hash complete
[2024-12-11 10:06:54] INFO: Complete create token
[2024-12-11 10:06:57] INFO: Successfull checking data user for login
[2024-12-11 10:06:57] INFO: Compare hash complete
[2024-12-11 10:06:57] INFO: Complete create token
[2024-12-11 10:09:43] INFO: Successfull checking data user for login
[2024-12-11 10:09:43] INFO: Compare hash complete
[2024-12-11 10:09:48] INFO: Successfull checking data user for login
[2024-12-11 10:09:48] INFO: Compare hash complete
[2024-12-11 10:09:57] INFO: Successfull checking data user for login
[2024-12-11 10:09:57] INFO: Compare hash complete
[2024-12-11 10:09:58] INFO: Complete create token
[2024-12-11 10:10:45] INFO: Successfull checking data user for login
[2024-12-11 10:10:45] INFO: Compare hash complete
[2024-12-11 10:10:45] INFO: Complete create token
[2024-12-11 10:11:57] INFO: Successfull checking data user for login
[2024-12-11 10:11:57] INFO: Compare hash complete
[2024-12-11 10:11:57] INFO: Complete create token
[2024-12-11 10:15:28] INFO: Successfull checking data user for login
[2024-12-11 10:15:28] INFO: Compare hash complete
[2024-12-11 10:15:29] INFO: Complete create token
[2024-12-11 10:15:58] INFO: Successfull checking data user for login
[2024-12-11 10:15:58] INFO: Compare hash complete
[2024-12-11 10:15:58] INFO: Complete create token
[2024-12-11 10:16:34] INFO: Successfull checking data user for login
[2024-12-11 10:16:34] INFO: Compare hash complete
[2024-12-11 10:16:34] INFO: Complete create token
[2024-12-11 10:24:41] INFO: Successfull checking data user for login
[2024-12-11 10:24:41] INFO: Compare hash complete
[2024-12-11 10:24:41] INFO: Complete create token
[2024-12-11 10:35:05] INFO: Successfull checking data user for login
[2024-12-11 10:35:05] INFO: Compare hash complete
[2024-12-11 10:35:05] INFO: Complete create token
[2024-12-11 10:38:48] INFO: Successfull checking data user for login
[2024-12-11 10:38:48] INFO: Compare hash complete
[2024-12-11 10:38:48] INFO: Complete create token
[2024-12-11 10:39:08] ERROR: Error verified token:  jwt malformed
[2024-12-11 10:42:08] ERROR: Error verified token:  jwt malformed
[2024-12-11 10:49:35] INFO: Successfull checking data user for login
[2024-12-11 10:50:37] INFO: Successfull checking data user for login
[2024-12-11 10:50:37] INFO: Compare hash complete
[2024-12-11 10:50:37] INFO: Complete create token
[2024-12-11 10:53:41] INFO: Successfull checking data user for login
[2024-12-11 10:53:41] INFO: Compare hash complete
[2024-12-11 10:53:41] INFO: Complete create token
[2024-12-11 10:53:57] INFO: Error checking data user for changing password: user_email is required.
[2024-12-11 10:58:25] INFO: Error checking data user for changing password: user_email is required.
[2024-12-11 11:32:46] INFO: Error checking data user for changing password: user_email is required.
[2024-12-11 11:33:53] INFO: Successfull checking data user for login
[2024-12-11 11:33:53] INFO: Compare hash complete
[2024-12-11 11:33:53] INFO: Complete create token
[2024-12-11 11:34:32] INFO: Successfull checking data user for login
[2024-12-11 11:34:32] INFO: Compare hash complete
[2024-12-11 11:34:32] INFO: Complete create token
[2024-12-11 11:36:06] INFO: Successfull checking data user for login
[2024-12-11 11:36:06] INFO: Compare hash complete
[2024-12-11 11:36:06] INFO: Complete create token
[2024-12-11 11:36:22] INFO: Error checking data user for changing password: user_email is required.
[2024-12-11 11:36:59] INFO: Error checking data user for changing password: user_email is required.
[2024-12-11 11:39:22] INFO: Error checking data user for changing password: user_email is required.
[2024-12-11 11:39:48] INFO: Error checking data user for changing password: user_email is required.
[2024-12-11 11:41:52] INFO: Error checking data user for changing password: user_email is required.
[2024-12-11 11:42:11] INFO: Error checking data user for changing password: user_email is required.
[2024-12-11 11:42:18] INFO: Error checking data user for changing password: user_email is required.
[2024-12-11 12:49:42] INFO: MongoDB connected: cluster0-shard-00-02.ekkw3.mongodb.net
[2024-12-11 12:53:16] INFO: Successfull checking data user for login
[2024-12-11 12:53:16] INFO: Compare hash complete
[2024-12-11 12:53:16] INFO: Complete create token
[2024-12-11 13:08:53] INFO: Successfull checking data user for login
[2024-12-11 13:08:53] INFO: Compare hash complete
[2024-12-11 13:08:53] INFO: Complete create token
[2024-12-11 13:11:45] INFO: Successfull checking data user for login
[2024-12-11 13:11:45] INFO: Compare hash complete
[2024-12-11 13:11:45] INFO: Complete create token
[2024-12-11 13:12:06] INFO: Error checking data user for changing password: checkMessage is required.
[2024-12-11 13:13:09] INFO: Successfull checking data user for changing password
[2024-12-11 13:13:09] INFO: Compare hash complete
[2024-12-11 13:13:23] INFO: Successfull checking data user for changing password
[2024-12-11 13:13:24] INFO: Compare hash complete
[2024-12-11 13:13:47] INFO: Successfull checking data user for changing password
[2024-12-11 13:13:47] INFO: Compare hash complete
[2024-12-11 13:13:48] INFO: Hash password complete
[2024-12-11 13:14:33] INFO: Successfull checking data user for login
[2024-12-11 13:14:33] INFO: Compare hash complete
[2024-12-11 13:14:33] INFO: Complete create token
[2024-12-11 13:41:50] INFO: Successfull checking data user for login
[2024-12-11 13:41:50] INFO: Compare hash complete
[2024-12-11 13:41:50] INFO: Complete create token
[2024-12-11 13:46:53] INFO: Successfull checking data user for login
[2024-12-11 13:46:53] INFO: Compare hash complete
[2024-12-11 13:46:53] INFO: Complete create token
[2024-12-11 13:48:14] INFO: MongoDB connected: cluster0-shard-00-00.ekkw3.mongodb.net
[2024-12-11 13:48:19] INFO: MongoDB connected: cluster0-shard-00-00.ekkw3.mongodb.net
[2024-12-11 13:48:29] INFO: MongoDB connected: cluster0-shard-00-00.ekkw3.mongodb.net
[2024-12-11 13:48:32] INFO: MongoDB connected: cluster0-shard-00-00.ekkw3.mongodb.net
[2024-12-11 13:48:36] INFO: MongoDB connected: cluster0-shard-00-02.ekkw3.mongodb.net
[2024-12-11 13:49:14] INFO: MongoDB connected: cluster0-shard-00-01.ekkw3.mongodb.net
[2024-12-11 13:49:34] INFO: MongoDB connected: cluster0-shard-00-01.ekkw3.mongodb.net
[2024-12-11 13:49:36] INFO: MongoDB connected: cluster0-shard-00-02.ekkw3.mongodb.net
[2024-12-11 13:49:45] INFO: MongoDB connected: cluster0-shard-00-02.ekkw3.mongodb.net
[2024-12-11 13:49:53] INFO: MongoDB connected: cluster0-shard-00-00.ekkw3.mongodb.net
[2024-12-11 13:49:59] INFO: MongoDB connected: cluster0-shard-00-00.ekkw3.mongodb.net
[2024-12-11 13:50:02] INFO: MongoDB connected: cluster0-shard-00-01.ekkw3.mongodb.net
[2024-12-11 13:50:07] INFO: MongoDB connected: cluster0-shard-00-02.ekkw3.mongodb.net
[2024-12-11 13:50:22] INFO: MongoDB connected: cluster0-shard-00-02.ekkw3.mongodb.net
[2024-12-11 13:50:36] INFO: MongoDB connected: cluster0-shard-00-02.ekkw3.mongodb.net
[2024-12-11 13:50:54] INFO: MongoDB connected: cluster0-shard-00-02.ekkw3.mongodb.net
[2024-12-11 13:51:22] INFO: MongoDB connected: cluster0-shard-00-00.ekkw3.mongodb.net
[2024-12-11 13:53:14] INFO: MongoDB connected: cluster0-shard-00-01.ekkw3.mongodb.net
[2024-12-11 13:53:28] INFO: MongoDB connected: cluster0-shard-00-00.ekkw3.mongodb.net
[2024-12-11 13:53:29] INFO: MongoDB connected: cluster0-shard-00-01.ekkw3.mongodb.net
[2024-12-11 13:53:45] INFO: MongoDB connected: cluster0-shard-00-00.ekkw3.mongodb.net
[2024-12-11 13:54:24] INFO: MongoDB connected: cluster0-shard-00-01.ekkw3.mongodb.net
[2024-12-11 13:54:26] INFO: MongoDB connected: cluster0-shard-00-00.ekkw3.mongodb.net
[2024-12-11 13:55:43] INFO: MongoDB connected: cluster0-shard-00-00.ekkw3.mongodb.net
[2024-12-11 14:00:00] INFO: Successfull checking data user for login
[2024-12-11 14:00:00] INFO: Compare hash complete
[2024-12-11 14:00:00] INFO: Complete create token
[2024-12-11 14:09:39] INFO: Successfull checking data user for login
[2024-12-11 14:09:39] INFO: Compare hash complete
[2024-12-11 14:09:39] INFO: Complete create token
[2024-12-11 14:14:05] INFO: MongoDB connected: cluster0-shard-00-00.ekkw3.mongodb.net
[2024-12-11 14:14:15] INFO: MongoDB connected: cluster0-shard-00-01.ekkw3.mongodb.net
[2024-12-11 14:14:20] INFO: MongoDB connected: cluster0-shard-00-00.ekkw3.mongodb.net
[2024-12-11 14:23:28] INFO: MongoDB connected: cluster0-shard-00-01.ekkw3.mongodb.net
[2024-12-11 14:23:30] INFO: MongoDB connected: cluster0-shard-00-02.ekkw3.mongodb.net
[2024-12-11 14:23:44] INFO: MongoDB connected: cluster0-shard-00-01.ekkw3.mongodb.net
[2024-12-11 14:23:46] INFO: MongoDB connected: cluster0-shard-00-02.ekkw3.mongodb.net
[2024-12-11 14:24:00] INFO: MongoDB connected: cluster0-shard-00-02.ekkw3.mongodb.net
[2024-12-11 14:31:17] WARN: No token provided
[2024-12-11 14:48:24] INFO: MongoDB connected: cluster0-shard-00-01.ekkw3.mongodb.net
[2024-12-11 14:48:31] INFO: Successfull checking data to create board
[2024-12-11 14:48:31] INFO: created new board successfully
[2024-12-11 14:54:15] INFO: MongoDB connected: cluster0-shard-00-02.ekkw3.mongodb.net
[2024-12-11 14:55:16] INFO: MongoDB connected: cluster0-shard-00-02.ekkw3.mongodb.net
[2024-12-11 14:55:18] INFO: MongoDB connected: cluster0-shard-00-02.ekkw3.mongodb.net
[2024-12-11 14:55:45] INFO: MongoDB connected: cluster0-shard-00-01.ekkw3.mongodb.net
[2024-12-11 14:55:51] INFO: MongoDB connected: cluster0-shard-00-00.ekkw3.mongodb.net
[2024-12-11 14:56:44] INFO: MongoDB connected: cluster0-shard-00-01.ekkw3.mongodb.net
[2024-12-11 14:56:51] INFO: MongoDB connected: cluster0-shard-00-01.ekkw3.mongodb.net
[2024-12-11 14:57:03] INFO: MongoDB connected: cluster0-shard-00-01.ekkw3.mongodb.net
[2024-12-11 14:57:41] INFO: MongoDB connected: cluster0-shard-00-00.ekkw3.mongodb.net
[2024-12-11 15:23:40] INFO: MongoDB connected: cluster0-shard-00-00.ekkw3.mongodb.net
[2024-12-11 15:23:43] INFO: MongoDB connected: cluster0-shard-00-00.ekkw3.mongodb.net
[2024-12-11 15:24:03] INFO: MongoDB connected: cluster0-shard-00-02.ekkw3.mongodb.net
[2024-12-11 15:24:19] INFO: MongoDB connected: cluster0-shard-00-01.ekkw3.mongodb.net
[2024-12-11 15:24:24] INFO: MongoDB connected: cluster0-shard-00-02.ekkw3.mongodb.net
[2024-12-11 15:24:28] INFO: MongoDB connected: cluster0-shard-00-02.ekkw3.mongodb.net
[2024-12-11 15:24:30] INFO: MongoDB connected: cluster0-shard-00-00.ekkw3.mongodb.net
[2024-12-11 15:24:31] INFO: MongoDB connected: cluster0-shard-00-00.ekkw3.mongodb.net
[2024-12-11 15:24:38] INFO: MongoDB connected: cluster0-shard-00-01.ekkw3.mongodb.net
[2024-12-11 15:25:14] INFO: MongoDB connected: cluster0-shard-00-02.ekkw3.mongodb.net
[2024-12-11 15:25:19] INFO: MongoDB connected: cluster0-shard-00-02.ekkw3.mongodb.net
[2024-12-11 15:25:22] INFO: MongoDB connected: cluster0-shard-00-00.ekkw3.mongodb.net
[2024-12-11 15:25:29] INFO: MongoDB connected: cluster0-shard-00-00.ekkw3.mongodb.net
[2024-12-11 15:25:51] INFO: MongoDB connected: cluster0-shard-00-00.ekkw3.mongodb.net
[2024-12-11 15:25:54] INFO: MongoDB connected: cluster0-shard-00-00.ekkw3.mongodb.net
[2024-12-11 15:25:56] INFO: MongoDB connected: cluster0-shard-00-02.ekkw3.mongodb.net
[2024-12-11 15:26:00] INFO: MongoDB connected: cluster0-shard-00-00.ekkw3.mongodb.net
[2024-12-11 15:26:02] INFO: MongoDB connected: cluster0-shard-00-01.ekkw3.mongodb.net
[2024-12-11 15:28:35] INFO: MongoDB connected: cluster0-shard-00-00.ekkw3.mongodb.net
[2024-12-11 15:28:37] INFO: MongoDB connected: cluster0-shard-00-01.ekkw3.mongodb.net
[2024-12-11 15:40:24] INFO: Successfull checking data user for login
[2024-12-11 15:40:24] INFO: Compare hash complete
[2024-12-11 15:40:24] INFO: Complete create token
[2024-12-11 15:41:06] INFO: Successfull checking data user for login
[2024-12-11 15:41:06] INFO: Compare hash complete
[2024-12-11 15:41:06] INFO: Complete create token
[2024-12-11 15:47:48] INFO: Successfull checking data user for login
[2024-12-11 15:47:48] INFO: Compare hash complete
[2024-12-11 15:47:48] INFO: Complete create token
[2024-12-11 15:50:32] WARN: No token provided
[2024-12-11 15:51:13] WARN: No token provided
[2024-12-11 15:51:14] WARN: No token provided
[2024-12-11 15:51:15] WARN: No token provided
[2024-12-11 15:51:20] WARN: No token provided
[2024-12-11 15:52:07] WARN: No token provided
[2024-12-11 15:52:17] WARN: No token provided
[2024-12-11 15:52:19] WARN: No token provided
[2024-12-11 15:52:53] INFO: Successfull checking data user for login
[2024-12-11 15:52:53] INFO: Compare hash complete
[2024-12-11 15:52:53] INFO: Complete create token
[2024-12-11 15:52:54] WARN: No token provided
[2024-12-11 15:53:43] WARN: No token provided
[2024-12-11 15:54:55] INFO: Error checking data checkMessage is required.
[2024-12-11 15:55:19] INFO: Successfull checking data user for login
[2024-12-11 15:55:19] INFO: Compare hash complete
[2024-12-11 15:55:19] INFO: Complete create token
[2024-12-11 15:55:20] INFO: Successfull checking data to get board by user id
[2024-12-11 15:57:26] INFO: Successfull checking data user for login
[2024-12-11 15:57:26] INFO: Compare hash complete
[2024-12-11 15:57:26] INFO: Complete create token
[2024-12-11 15:57:27] INFO: Successfull checking data to get board by user id
[2024-12-11 15:58:49] INFO: Successfull checking data user for login
[2024-12-11 15:58:49] INFO: Compare hash complete
[2024-12-11 15:58:49] INFO: Complete create token
[2024-12-11 15:58:50] INFO: Successfull checking data to get board by user id
[2024-12-11 15:59:03] INFO: Successfull checking data to get board by user id
[2024-12-11 15:59:06] INFO: Successfull checking data to get board by user id
[2024-12-11 15:59:23] INFO: Successfull checking data to get board by user id
[2024-12-11 15:59:45] INFO: Successfull checking data to get board by user id
[2024-12-11 15:59:47] INFO: Successfull checking data to get board by user id
[2024-12-11 15:59:52] INFO: Successfull checking data to get board by user id
[2024-12-11 16:00:03] INFO: Successfull checking data to get board by user id
[2024-12-11 16:00:15] INFO: Successfull checking data to get board by user id
[2024-12-11 16:00:16] INFO: Successfull checking data to get board by user id
[2024-12-11 16:00:53] INFO: Successfull checking data to get board by user id
[2024-12-11 16:00:56] INFO: Successfull checking data to get board by user id
[2024-12-11 16:00:59] INFO: Successfull checking data to get board by user id
[2024-12-11 16:01:06] INFO: Successfull checking data to get board by user id
[2024-12-11 16:01:10] INFO: Successfull checking data to get board by user id
[2024-12-11 16:01:22] INFO: Successfull checking data user for login
[2024-12-11 16:01:22] INFO: Compare hash complete
[2024-12-11 16:01:22] INFO: Complete create token
[2024-12-11 16:01:23] INFO: Successfull checking data to get board by user id
[2024-12-11 16:01:40] INFO: Successfull checking data user for login
[2024-12-11 16:01:40] INFO: Compare hash complete
[2024-12-11 16:01:45] INFO: Successfull checking data user for login
[2024-12-11 16:01:45] INFO: Compare hash complete
[2024-12-11 16:01:45] INFO: Complete create token
[2024-12-11 16:01:46] INFO: Successfull checking data to get board by user id
[2024-12-11 16:02:02] INFO: Successfull checking data to get board by user id
[2024-12-11 16:04:38] INFO: Successfull checking data to get board by user id
[2024-12-11 16:08:51] INFO: Successfull checking data to create board
[2024-12-11 16:08:51] INFO: created new board successfully
[2024-12-11 16:09:02] INFO: Successfull checking data to get board by user id
[2024-12-11 16:09:30] INFO: Successfull checking data to get board by user id
[2024-12-11 16:09:31] INFO: Successfull checking data to get board by user id
[2024-12-11 16:10:02] INFO: Successfull checking data to get board by user id
[2024-12-11 16:11:32] INFO: MongoDB connected: cluster0-shard-00-01.ekkw3.mongodb.net
[2024-12-11 16:11:58] INFO: MongoDB connected: cluster0-shard-00-00.ekkw3.mongodb.net
[2024-12-11 16:13:03] INFO: MongoDB connected: cluster0-shard-00-01.ekkw3.mongodb.net
[2024-12-11 16:13:06] INFO: MongoDB connected: cluster0-shard-00-00.ekkw3.mongodb.net
[2024-12-11 16:13:08] INFO: MongoDB connected: cluster0-shard-00-00.ekkw3.mongodb.net
[2024-12-11 16:13:09] INFO: MongoDB connected: cluster0-shard-00-01.ekkw3.mongodb.net
[2024-12-11 16:13:15] INFO: MongoDB connected: cluster0-shard-00-01.ekkw3.mongodb.net
[2024-12-11 16:13:21] INFO: Successfull checking data to get board by user id
[2024-12-11 16:13:31] INFO: MongoDB connected: cluster0-shard-00-02.ekkw3.mongodb.net
[2024-12-11 16:13:40] INFO: MongoDB connected: cluster0-shard-00-00.ekkw3.mongodb.net
[2024-12-11 16:13:55] INFO: MongoDB connected: cluster0-shard-00-00.ekkw3.mongodb.net
[2024-12-11 16:13:59] INFO: Successfull checking data to get board by user id
[2024-12-11 16:13:59] INFO: Boards get successfully
[2024-12-11 16:14:08] INFO: MongoDB connected: cluster0-shard-00-01.ekkw3.mongodb.net
[2024-12-11 16:14:10] INFO: MongoDB connected: cluster0-shard-00-00.ekkw3.mongodb.net
[2024-12-11 16:14:12] INFO: MongoDB connected: cluster0-shard-00-01.ekkw3.mongodb.net
[2024-12-11 16:14:16] INFO: MongoDB connected: cluster0-shard-00-02.ekkw3.mongodb.net
[2024-12-11 16:14:56] WARN: No token provided
[2024-12-11 16:14:56] WARN: No token provided
[2024-12-11 16:15:09] INFO: Successfull checking data to get board by user id
[2024-12-11 16:15:09] INFO: Successfull checking data to get board by user id
[2024-12-11 16:15:09] INFO: Boards get successfully
[2024-12-11 16:15:09] INFO: Boards get successfully
[2024-12-11 16:15:15] INFO: Error checking data checkMessage is required.
[2024-12-11 16:15:15] INFO: Error checking data checkMessage is required.
[2024-12-11 16:15:18] INFO: Successfull checking data to get board by user id
[2024-12-11 16:15:18] INFO: Successfull checking data to get board by user id
[2024-12-11 16:15:18] INFO: Boards get successfully
[2024-12-11 16:15:18] INFO: Boards get successfully
[2024-12-11 16:30:22] INFO: MongoDB connected: cluster0-shard-00-01.ekkw3.mongodb.net
[2024-12-11 16:31:05] INFO: Successfull checking data user for login
[2024-12-11 16:31:05] INFO: Compare hash complete
[2024-12-11 16:31:05] INFO: Complete create token
[2024-12-11 16:31:06] INFO: Successfull checking data to get board by user id
[2024-12-11 16:31:06] INFO: Boards get successfully
[2024-12-11 16:31:21] INFO: MongoDB connected: cluster0-shard-00-02.ekkw3.mongodb.net
[2024-12-11 16:31:23] INFO: MongoDB connected: cluster0-shard-00-00.ekkw3.mongodb.net
[2024-12-11 16:31:29] INFO: MongoDB connected: cluster0-shard-00-02.ekkw3.mongodb.net
[2024-12-11 16:31:33] INFO: MongoDB connected: cluster0-shard-00-00.ekkw3.mongodb.net
[2024-12-11 16:31:34] INFO: MongoDB connected: cluster0-shard-00-01.ekkw3.mongodb.net
[2024-12-11 16:31:38] INFO: Successfull checking data to get board by user id
[2024-12-11 16:31:38] INFO: Boards get successfully
[2024-12-11 16:31:52] INFO: MongoDB connected: cluster0-shard-00-01.ekkw3.mongodb.net
[2024-12-11 16:31:53] INFO: MongoDB connected: cluster0-shard-00-00.ekkw3.mongodb.net
[2024-12-11 16:31:57] INFO: MongoDB connected: cluster0-shard-00-02.ekkw3.mongodb.net
[2024-12-11 16:32:38] INFO: Successfull checking data to get board by user id
[2024-12-11 16:32:38] INFO: Successfull checking data to get board by user id
[2024-12-11 16:32:38] INFO: Boards get successfully
[2024-12-11 16:32:38] INFO: Boards get successfully
[2024-12-11 16:34:00] INFO: Successfull checking data to get board by user id
[2024-12-11 16:34:00] INFO: Successfull checking data to get board by user id
[2024-12-11 16:34:00] INFO: Boards get successfully
[2024-12-11 16:34:00] INFO: Boards get successfully
[2024-12-11 16:34:10] INFO: Successfull checking data to get board by user id
[2024-12-11 16:34:10] INFO: Boards get successfully
[2024-12-11 16:34:45] INFO: Successfull checking data to get board by user id
[2024-12-11 16:34:45] INFO: Successfull checking data to get board by user id
[2024-12-11 16:34:45] INFO: Boards get successfully
[2024-12-11 16:34:45] INFO: Boards get successfully
[2024-12-11 16:34:53] INFO: Successfull checking data to get board by user id
[2024-12-11 16:34:53] INFO: Successfull checking data to get board by user id
[2024-12-11 16:34:53] INFO: Boards get successfully
[2024-12-11 16:34:53] INFO: Boards get successfully
[2024-12-11 16:34:59] INFO: Successfull checking data to get board by user id
[2024-12-11 16:34:59] INFO: Successfull checking data to get board by user id
[2024-12-11 16:34:59] INFO: Boards get successfully
[2024-12-11 16:34:59] INFO: Boards get successfully
[2024-12-11 16:35:03] INFO: Successfull checking data to get board by user id
[2024-12-11 16:35:04] INFO: Successfull checking data to get board by user id
[2024-12-11 16:35:04] INFO: Boards get successfully
[2024-12-11 16:35:04] INFO: Boards get successfully
[2024-12-11 16:35:23] INFO: Successfull checking data to get board by user id
[2024-12-11 16:35:23] INFO: Successfull checking data to get board by user id
[2024-12-11 16:35:23] INFO: Boards get successfully
[2024-12-11 16:35:23] INFO: Boards get successfully
[2024-12-11 16:35:25] INFO: Successfull checking data to get board by user id
[2024-12-11 16:35:25] INFO: Successfull checking data to get board by user id
[2024-12-11 16:35:25] INFO: Boards get successfully
[2024-12-11 16:35:25] INFO: Boards get successfully
[2024-12-11 16:35:27] INFO: Successfull checking data to get board by user id
[2024-12-11 16:35:27] INFO: Successfull checking data to get board by user id
[2024-12-11 16:35:27] INFO: Boards get successfully
[2024-12-11 16:35:27] INFO: Boards get successfully
[2024-12-11 16:38:07] INFO: MongoDB connected: cluster0-shard-00-00.ekkw3.mongodb.net
[2024-12-11 16:38:18] INFO: Successfull checking data to get board by user id
[2024-12-11 16:38:18] INFO: Successfull checking data to get board by user id
[2024-12-11 16:38:18] INFO: Boards get successfully
[2024-12-11 16:38:18] INFO: Boards get successfully
[2024-12-11 16:38:22] INFO: Successfull checking data to get board by user id
[2024-12-11 16:38:22] INFO: Successfull checking data to get board by user id
[2024-12-11 16:38:22] INFO: Boards get successfully
[2024-12-11 16:38:22] INFO: Boards get successfully
[2024-12-11 16:38:33] INFO: Successfull checking data to get board by user id
[2024-12-11 16:38:33] INFO: Successfull checking data to get board by user id
[2024-12-11 16:38:33] INFO: Boards get successfully
[2024-12-11 16:38:33] INFO: Boards get successfully
[2024-12-11 16:38:35] INFO: Successfull checking data to get board by user id
[2024-12-11 16:38:35] INFO: Successfull checking data to get board by user id
[2024-12-11 16:38:35] INFO: Boards get successfully
[2024-12-11 16:38:35] INFO: Boards get successfully
[2024-12-11 16:38:40] INFO: Successfull checking data to get board by user id
[2024-12-11 16:38:40] INFO: Successfull checking data to get board by user id
[2024-12-11 16:38:40] INFO: Boards get successfully
[2024-12-11 16:38:40] INFO: Boards get successfully
[2024-12-11 16:39:05] INFO: Successfull checking data user for login
[2024-12-11 16:39:05] INFO: Compare hash complete
[2024-12-11 16:39:05] INFO: Complete create token
[2024-12-11 16:39:05] INFO: Successfull checking data to get board by user id
[2024-12-11 16:39:05] INFO: Boards get successfully
[2024-12-11 16:40:26] INFO: Successfull checking data user for login
[2024-12-11 16:40:26] INFO: Compare hash complete
[2024-12-11 16:40:26] INFO: Complete create token
[2024-12-11 16:40:26] INFO: Successfull checking data to get board by user id
[2024-12-11 16:40:26] INFO: Boards get successfully
[2024-12-11 16:41:08] INFO: Successfull checking data user for login
[2024-12-11 16:41:08] INFO: Compare hash complete
[2024-12-11 16:41:08] INFO: Complete create token
[2024-12-11 16:41:09] INFO: Successfull checking data to get board by user id
[2024-12-11 16:41:09] INFO: Boards get successfully
[2024-12-11 16:43:20] INFO: Successfull checking data user for login
[2024-12-11 16:43:20] INFO: Compare hash complete
[2024-12-11 16:43:20] INFO: Complete create token
[2024-12-11 16:43:21] INFO: Successfull checking data to get board by user id
[2024-12-11 16:43:21] INFO: Boards get successfully
[2024-12-11 16:43:46] INFO: Successfull checking data to get board by user id
[2024-12-11 16:43:46] INFO: Boards get successfully
[2024-12-11 16:43:47] INFO: Successfull checking data to get board by user id
[2024-12-11 16:43:47] INFO: Boards get successfully
[2024-12-11 16:43:51] INFO: Successfull checking data to get board by user id
[2024-12-11 16:43:51] INFO: Boards get successfully
[2024-12-11 16:43:52] INFO: Successfull checking data to get board by user id
[2024-12-11 16:43:52] INFO: Boards get successfully
[2024-12-11 16:44:25] INFO: Successfull checking data user for login
[2024-12-11 16:44:25] INFO: Compare hash complete
[2024-12-11 16:44:33] INFO: Successfull checking data user for login
[2024-12-11 16:44:33] INFO: Compare hash complete
[2024-12-11 16:44:33] INFO: Complete create token
[2024-12-11 16:44:34] INFO: Successfull checking data to get board by user id
[2024-12-11 16:44:34] INFO: Boards get successfully
[2024-12-11 16:45:06] INFO: Successfull checking data user for login
[2024-12-11 16:45:06] INFO: Compare hash complete
[2024-12-11 16:45:06] INFO: Complete create token
[2024-12-11 16:45:06] INFO: Successfull checking data to get board by user id
[2024-12-11 16:45:06] INFO: Boards get successfully
[2024-12-11 16:46:09] INFO: Successfull checking data to get board by user id
[2024-12-11 16:46:09] INFO: Boards get successfully
[2024-12-11 16:46:22] INFO: Successfull checking data to create board
[2024-12-11 16:46:22] INFO: created new board successfully
[2024-12-11 16:46:27] INFO: Successfull checking data to get board by user id
[2024-12-11 16:46:27] INFO: Boards get successfully
[2024-12-11 16:49:17] INFO: Successfull checking data user for login
[2024-12-11 16:49:17] INFO: Compare hash complete
[2024-12-11 16:49:17] INFO: Complete create token
[2024-12-11 16:49:17] INFO: Successfull checking data to get board by user id
[2024-12-11 16:49:17] INFO: Boards get successfully
[2024-12-11 16:49:31] INFO: Successfull checking data to get board by user id
[2024-12-11 16:49:31] INFO: Boards get successfully
[2024-12-11 16:53:42] INFO: Successfull checking data user for login
[2024-12-11 16:53:42] INFO: Compare hash complete
[2024-12-11 16:53:42] INFO: Complete create token
[2024-12-11 16:53:43] INFO: Successfull checking data to get board by user id
[2024-12-11 16:53:43] INFO: Boards get successfully
[2024-12-11 16:57:18] INFO: Successfull checking data user for login
[2024-12-11 16:57:18] INFO: Compare hash complete
[2024-12-11 16:57:18] INFO: Complete create token
[2024-12-11 16:57:19] INFO: Successfull checking data to get board by user id
[2024-12-11 16:57:19] INFO: Boards get successfully
[2024-12-11 16:57:41] INFO: Successfull checking data user for login
[2024-12-11 16:57:41] INFO: Compare hash complete
[2024-12-11 16:57:41] INFO: Complete create token
[2024-12-11 16:57:41] INFO: Successfull checking data to get board by user id
[2024-12-11 16:57:41] INFO: Boards get successfully
[2024-12-11 16:58:49] INFO: Successfull checking data user for login
[2024-12-11 16:58:49] INFO: Compare hash complete
[2024-12-11 16:58:49] INFO: Complete create token
[2024-12-11 16:58:50] INFO: Successfull checking data to get board by user id
[2024-12-11 16:58:50] INFO: Boards get successfully
[2024-12-11 16:59:08] INFO: Successfull checking data to create board
[2024-12-11 16:59:21] INFO: Successfull checking data to create board
[2024-12-11 17:01:11] INFO: Successfull checking data user for login
[2024-12-11 17:01:11] INFO: Compare hash complete
[2024-12-11 17:01:11] INFO: Complete create token
[2024-12-11 17:01:12] INFO: Successfull checking data to get board by user id
[2024-12-11 17:01:12] INFO: Boards get successfully
[2024-12-11 17:01:13] INFO: Successfull checking data to create board
[2024-12-11 17:02:03] INFO: Successfull checking data to create board
[2024-12-11 17:02:15] INFO: Successfull checking data to create board
[2024-12-11 17:08:05] INFO: Successfull checking data user for login
[2024-12-11 17:08:05] INFO: Compare hash complete
[2024-12-11 17:08:05] INFO: Complete create token
[2024-12-11 17:08:05] INFO: Successfull checking data to get board by user id
[2024-12-11 17:08:05] INFO: Boards get successfully
[2024-12-11 17:08:07] INFO: Successfull checking data to create board
[2024-12-11 17:09:52] INFO: Successfull checking data to create board
[2024-12-11 17:09:55] INFO: Successfull checking data to create board
[2024-12-11 17:10:02] INFO: Successfull checking data to create board
[2024-12-11 17:10:03] INFO: Successfull checking data to create board
[2024-12-11 17:10:07] INFO: Successfull checking data to create board
[2024-12-11 17:10:18] INFO: Successfull checking data to create board
[2024-12-11 17:10:38] INFO: Successfull checking data to create board
[2024-12-11 17:10:46] INFO: Successfull checking data to create board
[2024-12-11 17:10:47] INFO: Successfull checking data to create board
[2024-12-11 17:10:49] INFO: Successfull checking data to create board
[2024-12-11 17:10:53] INFO: Successfull checking data to create board
[2024-12-11 17:11:04] INFO: Successfull checking data to create board
[2024-12-11 17:11:07] INFO: Successfull checking data to create board
[2024-12-11 17:11:34] INFO: Successfull checking data to create board
[2024-12-11 17:11:37] INFO: Successfull checking data to create board
[2024-12-11 17:11:38] INFO: Successfull checking data to create board
[2024-12-11 17:11:52] INFO: Successfull checking data to create board
[2024-12-11 17:11:53] WARN: No token provided
[2024-12-11 17:12:42] INFO: MongoDB connected: cluster0-shard-00-02.ekkw3.mongodb.net
[2024-12-11 17:12:43] WARN: No token provided
[2024-12-11 17:15:26] INFO: MongoDB connected: cluster0-shard-00-01.ekkw3.mongodb.net
[2024-12-11 17:15:28] INFO: Successfull checking data to create board
[2024-12-11 17:15:28] INFO: Successfull checking data to update board
[2024-12-11 17:15:30] INFO: Successfull checking data to update board
[2024-12-11 17:15:32] INFO: Successfull checking data to update board
[2024-12-11 17:15:32] INFO: Successfull checking data to update board
[2024-12-11 17:15:33] INFO: Successfull checking data to update board
[2024-12-11 17:15:50] INFO: MongoDB connected: cluster0-shard-00-02.ekkw3.mongodb.net
[2024-12-11 17:15:57] INFO: MongoDB connected: cluster0-shard-00-00.ekkw3.mongodb.net
[2024-12-11 17:15:59] INFO: MongoDB connected: cluster0-shard-00-02.ekkw3.mongodb.net
[2024-12-11 17:16:04] INFO: Successfull checking data to update board
[2024-12-11 17:16:24] INFO: MongoDB connected: cluster0-shard-00-01.ekkw3.mongodb.net
[2024-12-11 17:16:29] INFO: MongoDB connected: cluster0-shard-00-00.ekkw3.mongodb.net
[2024-12-11 17:16:32] INFO: MongoDB connected: cluster0-shard-00-01.ekkw3.mongodb.net
[2024-12-11 17:16:41] INFO: Successfull checking data to update board
[2024-12-11 17:17:45] INFO: MongoDB connected: cluster0-shard-00-01.ekkw3.mongodb.net
[2024-12-11 17:17:49] INFO: MongoDB connected: cluster0-shard-00-01.ekkw3.mongodb.net
[2024-12-11 17:17:55] INFO: MongoDB connected: cluster0-shard-00-00.ekkw3.mongodb.net
[2024-12-11 17:17:59] INFO: MongoDB connected: cluster0-shard-00-02.ekkw3.mongodb.net
[2024-12-11 17:18:05] INFO: MongoDB connected: cluster0-shard-00-01.ekkw3.mongodb.net
[2024-12-11 17:18:08] INFO: MongoDB connected: cluster0-shard-00-00.ekkw3.mongodb.net
[2024-12-11 17:18:08] INFO: Successfull checking data to update board
[2024-12-11 17:18:08] INFO: No fields were updated
[2024-12-11 17:18:18] INFO: MongoDB connected: cluster0-shard-00-01.ekkw3.mongodb.net
[2024-12-11 17:18:46] INFO: Successfull checking data to create board
[2024-12-11 17:19:09] INFO: Successfull checking data to update board
[2024-12-11 17:19:09] INFO: Successfull checking data to create board
[2024-12-11 17:19:15] INFO: Successfull checking data to create board
[2024-12-11 19:02:25] INFO: MongoDB connected: cluster0-shard-00-02.ekkw3.mongodb.net
