[2024-11-29 09:24:42] ERROR: Attempt 1: Failed to connect to MongoDB - Could not connect to any servers in your MongoDB Atlas cluster. One common reason is that you're trying to access the database from an IP that isn't whitelisted. Make sure your current IP address is on your Atlas cluster's IP whitelist: https://www.mongodb.com/docs/atlas/security-whitelist/
[2024-11-29 09:25:17] ERROR: Attempt 2: Failed to connect to MongoDB - Could not connect to any servers in your MongoDB Atlas cluster. One common reason is that you're trying to access the database from an IP that isn't whitelisted. Make sure your current IP address is on your Atlas cluster's IP whitelist: https://www.mongodb.com/docs/atlas/security-whitelist/
[2024-11-29 09:25:52] ERROR: Attempt 3: Failed to connect to MongoDB - Could not connect to any servers in your MongoDB Atlas cluster. One common reason is that you're trying to access the database from an IP that isn't whitelisted. Make sure your current IP address is on your Atlas cluster's IP whitelist: https://www.mongodb.com/docs/atlas/security-whitelist/
[2024-11-29 09:35:01] ERROR: Error with register: ValidationError: user_hashed_password: Path `user_hashed_password` is required.
[2024-11-29 09:44:51] ERROR: Error : Error: data and hash arguments required
[2024-11-29 09:50:20] ERROR: Error : Error: data and hash arguments required
[2024-11-29 09:51:02] ERROR: Error : Error: data and hash arguments required
[2024-11-29 09:52:50] ERROR: Error : Error: data and hash arguments required
[2024-11-29 09:53:39] ERROR: Error : Error: data and hash arguments required
[2024-11-29 09:53:53] ERROR: Error : Error: data and hash arguments required
[2024-12-08 10:57:52] ERROR: Error with create board : ValidationError: created_at: Cast to date failed for value "[Function: now]" (type function) at path "created_at"
[2024-12-08 10:59:50] ERROR: Error with GetBoard: MissingSchemaError: Schema hasn't been registered for model "List".
Use mongoose.model(name, schema)
[2024-12-08 11:08:02] ERROR: Error with UpdateBoard: TypeError: updatedBoard.populate(...).populate is not a function
[2024-12-08 11:11:18] ERROR: Error with UpdateBoard: TypeError: updatedBoard.populate(...).populate is not a function
[2024-12-08 11:11:49] ERROR: Error with UpdateBoard: TypeError: updatedBoard.populate(...).populate is not a function
[2024-12-09 09:33:58] ERROR: Attempt 1: Failed to connect to MongoDB - Invalid scheme, expected connection string to start with "mongodb://" or "mongodb+srv://"
[2024-12-09 09:34:03] ERROR: Attempt 2: Failed to connect to MongoDB - Invalid scheme, expected connection string to start with "mongodb://" or "mongodb+srv://"
[2024-12-09 09:34:08] ERROR: Attempt 3: Failed to connect to MongoDB - Invalid scheme, expected connection string to start with "mongodb://" or "mongodb+srv://"
[2024-12-09 09:34:13] ERROR: Attempt 4: Failed to connect to MongoDB - Invalid scheme, expected connection string to start with "mongodb://" or "mongodb+srv://"
[2024-12-09 09:34:18] ERROR: Attempt 5: Failed to connect to MongoDB - Invalid scheme, expected connection string to start with "mongodb://" or "mongodb+srv://"
[2024-12-10 16:56:49] ERROR: Attempt 1: Failed to connect to MongoDB - Could not connect to any servers in your MongoDB Atlas cluster. One common reason is that you're trying to access the database from an IP that isn't whitelisted. Make sure your current IP address is on your Atlas cluster's IP whitelist: https://www.mongodb.com/docs/atlas/security-whitelist/
[2024-12-11 10:39:08] ERROR: Error verified token:  jwt malformed
[2024-12-11 10:42:08] ERROR: Error verified token:  jwt malformed
[2024-12-13 22:26:09] ERROR: Error with DeleteBoard: ReferenceError: Use is not defined
[2024-12-13 22:26:16] ERROR: Error with DeleteBoard: TypeError: Cannot read properties of undefined (reading 'info')
